2021-08-22 08:33:21,634 - instabot version: 0.117.0 (bot) - INFO - Instabot version: 0.117.0 Started
2021-08-22 08:33:21,634 - instabot version: 0.117.0 (bot) - DEBUG - Bot imported from C:\Users\ASFAK AHMED\PycharmProjects\instabot\venv\lib\site-packages\instabot\bot\bot.py
2021-08-22 08:33:21,634 - instabot version: 0.117.0 (api_login) - INFO - Not yet logged in starting: PRE-LOGIN FLOW!
2021-08-22 08:33:22,099 - instabot version: 0.117.0 (api) - DEBUG - POST to endpoint: accounts/get_prefill_candidates/ returned response: <Response [200]>
2021-08-22 08:33:22,606 - instabot version: 0.117.0 (api) - DEBUG - POST to endpoint: qe/sync/ returned response: <Response [200]>
2021-08-22 08:33:23,112 - instabot version: 0.117.0 (api) - DEBUG - POST to endpoint: launcher/sync/ returned response: <Response [200]>
2021-08-22 08:33:23,631 - instabot version: 0.117.0 (api) - DEBUG - POST to endpoint: accounts/contact_point_prefill/ returned response: <Response [200]>
2021-08-22 08:33:25,060 - instabot version: 0.117.0 (api) - DEBUG - POST to endpoint: accounts/login/ returned response: <Response [200]>
2021-08-22 08:33:25,060 - instabot version: 0.117.0 (api) - INFO - Logged-in successfully as 'rik2001q'!
2021-08-22 08:33:25,060 - instabot version: 0.117.0 (api_login) - INFO - LOGIN FLOW! Just logged-in: True
2021-08-22 08:33:25,581 - instabot version: 0.117.0 (api) - DEBUG - POST to endpoint: qe/sync/ returned response: <Response [200]>
2021-08-22 08:33:26,086 - instabot version: 0.117.0 (api) - DEBUG - POST to endpoint: launcher/sync/ returned response: <Response [200]>
2021-08-22 08:33:26,596 - instabot version: 0.117.0 (api) - DEBUG - GET to endpoint: zr/token/result/?device_id=android-8be322e5d58b9371&token_hash=&custom_device_id=android-8be322e5d58b9371&fetch_reason=token_expired returned response: <Response [200]>
2021-08-22 08:33:27,108 - instabot version: 0.117.0 (api) - DEBUG - GET to endpoint: multiple_accounts/get_account_family/ returned response: <Response [200]>
2021-08-22 08:33:27,724 - instabot version: 0.117.0 (api) - DEBUG - POST to endpoint: qe/sync/ returned response: <Response [200]>
2021-08-22 08:33:28,552 - instabot version: 0.117.0 (api) - DEBUG - GET to endpoint: igtv/browse_feed/?prefetch=1 returned response: <Response [200]>
2021-08-22 08:33:29,058 - instabot version: 0.117.0 (api) - DEBUG - POST to endpoint: creatives/ar_class/ returned response: <Response [200]>
2021-08-22 08:33:29,975 - instabot version: 0.117.0 (api) - DEBUG - POST to endpoint: feed/reels_tray/ returned response: <Response [200]>
2021-08-22 08:33:33,260 - instabot version: 0.117.0 (api) - DEBUG - POST to endpoint: feed/timeline/ returned response: <Response [200]>
2021-08-22 08:33:33,875 - instabot version: 0.117.0 (api) - DEBUG - GET to endpoint: media/blocked/ returned response: <Response [200]>
2021-08-22 08:33:34,697 - instabot version: 0.117.0 (api) - DEBUG - GET to endpoint: news/inbox/ returned response: <Response [200]>
2021-08-22 08:33:35,202 - instabot version: 0.117.0 (api) - DEBUG - GET to endpoint: loom/fetch_config/ returned response: <Response [200]>
2021-08-22 08:33:35,813 - instabot version: 0.117.0 (api) - DEBUG - GET to endpoint: scores/bootstrap/users/?surfaces=["autocomplete_user_list","coefficient_besties_list_ranking","coefficient_rank_recipient_user_suggestion","coefficient_ios_section_test_bootstrap_ranking","coefficient_direct_recipients_ranking_variant_2"] returned response: <Response [200]>
2021-08-22 08:33:36,327 - instabot version: 0.117.0 (api) - DEBUG - GET to endpoint: business/eligibility/get_monetization_products_eligibility_data/?product_types=branded_content returned response: <Response [200]>
2021-08-22 08:33:36,846 - instabot version: 0.117.0 (api) - DEBUG - GET to endpoint: business/branded_content/should_require_professional_account/ returned response: <Response [200]>
2021-08-22 08:33:37,735 - instabot version: 0.117.0 (api) - DEBUG - GET to endpoint: linked_accounts/get_linkage_status/ returned response: <Response [200]>
2021-08-22 08:33:38,272 - instabot version: 0.117.0 (api) - DEBUG - GET to endpoint: locations/request_country/ returned response: <Response [200]>
2021-08-22 08:33:38,783 - instabot version: 0.117.0 (api) - DEBUG - GET to endpoint: qp/get_cooldowns/?signed_body=signed_body=4b9c516a5410a3bc128e09c6104a7f042146b9c2023870560c63a43a7f66781c.4&ig_sig_key_version=4&ig_sig_key_version=4 returned response: <Response [200]>
2021-08-22 08:33:39,298 - instabot version: 0.117.0 (api) - DEBUG - GET to endpoint: users/arlink_download_info/?version_override=2.2.1 returned response: <Response [200]>
2021-08-22 08:33:40,934 - instabot version: 0.117.0 (api) - DEBUG - GET to endpoint: users/49078330155/info/ returned response: <Response [200]>
2021-08-22 08:33:41,748 - instabot version: 0.117.0 (api) - DEBUG - GET to endpoint: direct_v2/get_presence/ returned response: <Response [200]>
2021-08-22 08:33:42,365 - instabot version: 0.117.0 (api) - DEBUG - GET to endpoint: direct_v2/inbox/?visual_message_return_type=unseen&thread_message_limit=10&persistentBadging=true&limit=20 returned response: <Response [200]>
2021-08-22 08:33:42,880 - instabot version: 0.117.0 (api) - DEBUG - GET to endpoint: direct_v2/inbox/?visual_message_return_type=unseen&persistentBadging=true&limit=0 returned response: <Response [200]>
2021-08-22 08:33:43,394 - instabot version: 0.117.0 (api) - DEBUG - GET to endpoint: discover/topical_explore/?is_prefetch=true&omit_cover_media=true&use_sectional_payload=true&timezone_offset=0&session_id=0452caf8-1977-47d3-a6e5-868d48ef4715&include_fixed_destinations=true returned response: <Response [200]>
2021-08-22 08:33:43,907 - instabot version: 0.117.0 (api) - DEBUG - POST to endpoint: notifications/badge/ returned response: <Response [200]>
2021-08-22 08:33:44,520 - instabot version: 0.117.0 (api) - DEBUG - POST to endpoint: qp/batch_fetch/ returned response: <Response [200]>
2021-08-22 08:33:44,520 - instabot version: 0.117.0 (bot_checkpoint) - DEBUG - Loading Checkpoint file from: C:\Users\ASFAK AHMED\PycharmProjects\instabot/config/rik2001q.checkpoint
2021-08-22 08:33:45,135 - instabot version: 0.117.0 (api) - DEBUG - GET to endpoint: users/49078330155/info/ returned response: <Response [200]>
2021-08-22 08:33:45,641 - instabot version: 0.117.0 (api) - DEBUG - GET to endpoint: friendships/49078330155/following/?max_id=&ig_sig_key_version=4&rank_token=49078330155_f40f4230-5c9e-4512-9cd0-e397019a1ad8 returned response: <Response [200]>
2021-08-22 08:33:45,641 - instabot version: 0.117.0 (bot_unfollow) - INFO - Going to unfollow 10 users.
2021-08-22 08:33:46,366 - instabot version: 0.117.0 (api) - DEBUG - GET to endpoint: users/4236812322/info/ returned response: <Response [200]>
2021-08-22 08:33:46,366 - instabot version: 0.117.0 (bot_unfollow) - INFO - Going to unfollow `user_id` 4236812322 with username elonrmuskk.
2021-08-22 08:33:49,430 - instabot version: 0.117.0 (api) - DEBUG - POST to endpoint: friendships/destroy/4236812322/ returned response: <Response [200]>
2021-08-22 08:33:49,430 - instabot version: 0.117.0 (bot_unfollow) - INFO - Unfollowed `user_id` 4236812322 with username elonrmuskk
2021-08-22 08:33:50,256 - instabot version: 0.117.0 (api) - DEBUG - GET to endpoint: users/6860189/info/ returned response: <Response [200]>
2021-08-22 08:33:50,256 - instabot version: 0.117.0 (bot_unfollow) - INFO - Going to unfollow `user_id` 6860189 with username justinbieber.
2021-08-22 08:37:26,426 - instabot version: 0.117.0 (api) - DEBUG - POST to endpoint: friendships/destroy/6860189/ returned response: <Response [200]>
2021-08-22 08:37:26,426 - instabot version: 0.117.0 (bot_unfollow) - INFO - Unfollowed `user_id` 6860189 with username justinbieber
2021-08-22 08:37:27,422 - instabot version: 0.117.0 (api) - DEBUG - GET to endpoint: users/787132/info/ returned response: <Response [200]>
2021-08-22 08:37:27,422 - instabot version: 0.117.0 (bot_unfollow) - INFO - Going to unfollow `user_id` 787132 with username natgeo.
2021-08-22 08:39:17,627 - instabot version: 0.117.0 (api) - DEBUG - POST to endpoint: friendships/destroy/787132/ returned response: <Response [200]>
2021-08-22 08:39:17,627 - instabot version: 0.117.0 (bot_unfollow) - INFO - Unfollowed `user_id` 787132 with username natgeo
2021-08-22 08:39:18,353 - instabot version: 0.117.0 (api) - DEBUG - GET to endpoint: users/6380930/info/ returned response: <Response [200]>
2021-08-22 08:39:18,353 - instabot version: 0.117.0 (bot_unfollow) - INFO - Going to unfollow `user_id` 6380930 with username kendalljenner.
2021-08-22 08:42:18,880 - instabot version: 0.117.0 (api) - DEBUG - POST to endpoint: friendships/destroy/6380930/ returned response: <Response [200]>
2021-08-22 08:42:18,880 - instabot version: 0.117.0 (bot_unfollow) - INFO - Unfollowed `user_id` 6380930 with username kendalljenner
2021-08-22 08:42:19,595 - instabot version: 0.117.0 (api) - DEBUG - GET to endpoint: users/173560420/info/ returned response: <Response [200]>
2021-08-22 08:42:19,595 - instabot version: 0.117.0 (bot_unfollow) - INFO - Going to unfollow `user_id` 173560420 with username cristiano.
2021-08-22 08:49:52,003 - instabot version: 0.117.0 (api) - DEBUG - POST to endpoint: friendships/destroy/173560420/ returned response: <Response [200]>
2021-08-22 08:49:52,003 - instabot version: 0.117.0 (bot_unfollow) - INFO - Unfollowed `user_id` 173560420 with username cristiano
2021-08-22 08:49:53,129 - instabot version: 0.117.0 (api) - DEBUG - GET to endpoint: users/11830955/info/ returned response: <Response [200]>
2021-08-22 08:49:53,129 - instabot version: 0.117.0 (bot_unfollow) - INFO - Going to unfollow `user_id` 11830955 with username taylorswift.
2021-08-22 09:13:48,306 - instabot version: 0.117.0 (api) - DEBUG - POST to endpoint: friendships/destroy/11830955/ returned response: <Response [200]>
2021-08-22 09:13:48,306 - instabot version: 0.117.0 (bot_unfollow) - INFO - Unfollowed `user_id` 11830955 with username taylorswift
2021-08-22 09:13:48,930 - instabot version: 0.117.0 (api) - DEBUG - GET to endpoint: users/7278094793/info/ returned response: <Response [200]>
2021-08-22 09:13:48,930 - instabot version: 0.117.0 (bot_unfollow) - INFO - Going to unfollow `user_id` 7278094793 with username i_am_asfak.
2021-08-22 09:18:36,218 - instabot version: 0.117.0 (api) - DEBUG - POST to endpoint: friendships/destroy/7278094793/ returned response: <Response [200]>
2021-08-22 09:18:36,218 - instabot version: 0.117.0 (bot_unfollow) - INFO - Unfollowed `user_id` 7278094793 with username i_am_asfak
2021-08-22 09:18:36,988 - instabot version: 0.117.0 (api) - DEBUG - GET to endpoint: users/7719696/info/ returned response: <Response [200]>
2021-08-22 09:18:36,988 - instabot version: 0.117.0 (bot_unfollow) - INFO - Going to unfollow `user_id` 7719696 with username arianagrande.
2021-08-22 09:25:46,612 - instabot version: 0.117.0 (api) - DEBUG - POST to endpoint: friendships/destroy/7719696/ returned response: <Response [200]>
2021-08-22 09:25:46,612 - instabot version: 0.117.0 (bot_unfollow) - INFO - Unfollowed `user_id` 7719696 with username arianagrande
2021-08-22 09:25:47,432 - instabot version: 0.117.0 (api) - DEBUG - GET to endpoint: users/2094200507/info/ returned response: <Response [200]>
2021-08-22 09:25:47,432 - instabot version: 0.117.0 (bot_unfollow) - INFO - Going to unfollow `user_id` 2094200507 with username virat.kohli.
2021-08-22 09:32:05,596 - instabot version: 0.117.0 (api) - DEBUG - POST to endpoint: friendships/destroy/2094200507/ returned response: <Response [200]>
2021-08-22 09:32:05,596 - instabot version: 0.117.0 (bot_unfollow) - INFO - Unfollowed `user_id` 2094200507 with username virat.kohli
2021-08-22 09:32:06,926 - instabot version: 0.117.0 (api) - DEBUG - GET to endpoint: users/8179014770/info/ returned response: <Response [200]>
2021-08-22 09:32:06,926 - instabot version: 0.117.0 (bot_unfollow) - INFO - Going to unfollow `user_id` 8179014770 with username arijitsingh.
2021-08-22 09:37:20,291 - instabot version: 0.117.0 (api) - DEBUG - POST to endpoint: friendships/destroy/8179014770/ returned response: <Response [200]>
2021-08-22 09:37:20,291 - instabot version: 0.117.0 (bot_unfollow) - INFO - Unfollowed `user_id` 8179014770 with username arijitsingh
2021-08-22 09:37:20,291 - instabot version: 0.117.0 (bot_unfollow) - INFO - DONE: Total unfollowed 10 users.
2021-08-22 09:37:20,291 - instabot version: 0.117.0 (bot_checkpoint) - DEBUG - Saving Checkpoint file to: C:\Users\ASFAK AHMED\PycharmProjects\instabot/config/rik2001q.checkpoint
2021-08-22 09:37:20,291 - instabot version: 0.117.0 (bot) - INFO - Total follows: 2/57
2021-08-22 09:37:20,291 - instabot version: 0.117.0 (bot) - INFO - Total unfollows: 10/97
2021-08-22 09:37:20,291 - instabot version: 0.117.0 (bot) - INFO - Total messages: 3/64
2021-08-22 09:37:20,291 - instabot version: 0.117.0 (bot) - INFO - Total requests: 122
