2021-08-22 08:03:08,951 - instabot version: 0.117.0 (bot) - INFO - Instabot version: 0.117.0 Started
2021-08-22 08:03:08,951 - instabot version: 0.117.0 (bot) - DEBUG - Bot imported from C:\Users\ASFAK AHMED\PycharmProjects\instabot\venv\lib\site-packages\instabot\bot\bot.py
2021-08-22 08:03:08,951 - instabot version: 0.117.0 (api_login) - INFO - Not yet logged in starting: PRE-LOGIN FLOW!
2021-08-22 08:03:09,386 - instabot version: 0.117.0 (api) - DEBUG - POST to endpoint: accounts/get_prefill_candidates/ returned response: <Response [200]>
2021-08-22 08:03:09,896 - instabot version: 0.117.0 (api) - DEBUG - POST to endpoint: qe/sync/ returned response: <Response [200]>
2021-08-22 08:03:10,412 - instabot version: 0.117.0 (api) - DEBUG - POST to endpoint: launcher/sync/ returned response: <Response [200]>
2021-08-22 08:03:10,922 - instabot version: 0.117.0 (api) - DEBUG - POST to endpoint: accounts/contact_point_prefill/ returned response: <Response [200]>
2021-08-22 08:03:12,563 - instabot version: 0.117.0 (api) - DEBUG - POST to endpoint: accounts/login/ returned response: <Response [200]>
2021-08-22 08:03:12,563 - instabot version: 0.117.0 (api) - INFO - Logged-in successfully as 'rik2001q'!
2021-08-22 08:03:12,563 - instabot version: 0.117.0 (api_login) - INFO - LOGIN FLOW! Just logged-in: True
2021-08-22 08:03:13,078 - instabot version: 0.117.0 (api) - DEBUG - POST to endpoint: qe/sync/ returned response: <Response [200]>
2021-08-22 08:03:13,589 - instabot version: 0.117.0 (api) - DEBUG - POST to endpoint: launcher/sync/ returned response: <Response [200]>
2021-08-22 08:03:14,305 - instabot version: 0.117.0 (api) - DEBUG - GET to endpoint: zr/token/result/?device_id=android-8be322e5d58b9371&token_hash=&custom_device_id=android-8be322e5d58b9371&fetch_reason=token_expired returned response: <Response [200]>
2021-08-22 08:03:14,815 - instabot version: 0.117.0 (api) - DEBUG - GET to endpoint: multiple_accounts/get_account_family/ returned response: <Response [200]>
2021-08-22 08:03:15,330 - instabot version: 0.117.0 (api) - DEBUG - POST to endpoint: qe/sync/ returned response: <Response [200]>
2021-08-22 08:03:16,146 - instabot version: 0.117.0 (api) - DEBUG - GET to endpoint: igtv/browse_feed/?prefetch=1 returned response: <Response [200]>
2021-08-22 08:03:16,656 - instabot version: 0.117.0 (api) - DEBUG - POST to endpoint: creatives/ar_class/ returned response: <Response [200]>
2021-08-22 08:03:17,681 - instabot version: 0.117.0 (api) - DEBUG - POST to endpoint: feed/reels_tray/ returned response: <Response [200]>
2021-08-22 08:03:20,442 - instabot version: 0.117.0 (api) - DEBUG - POST to endpoint: feed/timeline/ returned response: <Response [200]>
2021-08-22 08:03:20,954 - instabot version: 0.117.0 (api) - DEBUG - GET to endpoint: media/blocked/ returned response: <Response [200]>
2021-08-22 08:03:21,781 - instabot version: 0.117.0 (api) - DEBUG - GET to endpoint: news/inbox/ returned response: <Response [200]>
2021-08-22 08:03:22,287 - instabot version: 0.117.0 (api) - DEBUG - GET to endpoint: loom/fetch_config/ returned response: <Response [200]>
2021-08-22 08:03:22,807 - instabot version: 0.117.0 (api) - DEBUG - GET to endpoint: scores/bootstrap/users/?surfaces=["autocomplete_user_list","coefficient_besties_list_ranking","coefficient_rank_recipient_user_suggestion","coefficient_ios_section_test_bootstrap_ranking","coefficient_direct_recipients_ranking_variant_2"] returned response: <Response [200]>
2021-08-22 08:03:23,312 - instabot version: 0.117.0 (api) - DEBUG - GET to endpoint: business/eligibility/get_monetization_products_eligibility_data/?product_types=branded_content returned response: <Response [200]>
2021-08-22 08:03:23,822 - instabot version: 0.117.0 (api) - DEBUG - GET to endpoint: business/branded_content/should_require_professional_account/ returned response: <Response [200]>
2021-08-22 08:03:24,848 - instabot version: 0.117.0 (api) - DEBUG - GET to endpoint: linked_accounts/get_linkage_status/ returned response: <Response [200]>
2021-08-22 08:03:25,363 - instabot version: 0.117.0 (api) - DEBUG - GET to endpoint: locations/request_country/ returned response: <Response [200]>
2021-08-22 08:03:25,874 - instabot version: 0.117.0 (api) - DEBUG - GET to endpoint: qp/get_cooldowns/?signed_body=signed_body=4b9c516a5410a3bc128e09c6104a7f042146b9c2023870560c63a43a7f66781c.4&ig_sig_key_version=4&ig_sig_key_version=4 returned response: <Response [200]>
2021-08-22 08:03:26,389 - instabot version: 0.117.0 (api) - DEBUG - GET to endpoint: users/arlink_download_info/?version_override=2.2.1 returned response: <Response [200]>
2021-08-22 08:03:26,999 - instabot version: 0.117.0 (api) - DEBUG - GET to endpoint: users/49078330155/info/ returned response: <Response [200]>
2021-08-22 08:03:27,511 - instabot version: 0.117.0 (api) - DEBUG - GET to endpoint: direct_v2/get_presence/ returned response: <Response [200]>
2021-08-22 08:03:28,021 - instabot version: 0.117.0 (api) - DEBUG - GET to endpoint: direct_v2/inbox/?visual_message_return_type=unseen&thread_message_limit=10&persistentBadging=true&limit=20 returned response: <Response [200]>
2021-08-22 08:03:28,536 - instabot version: 0.117.0 (api) - DEBUG - GET to endpoint: direct_v2/inbox/?visual_message_return_type=unseen&persistentBadging=true&limit=0 returned response: <Response [200]>
2021-08-22 08:03:29,056 - instabot version: 0.117.0 (api) - DEBUG - GET to endpoint: discover/topical_explore/?is_prefetch=true&omit_cover_media=true&use_sectional_payload=true&timezone_offset=0&session_id=75e44737-67a9-4291-a005-75164b279464&include_fixed_destinations=true returned response: <Response [200]>
2021-08-22 08:03:29,562 - instabot version: 0.117.0 (api) - DEBUG - POST to endpoint: notifications/badge/ returned response: <Response [200]>
2021-08-22 08:03:30,178 - instabot version: 0.117.0 (api) - DEBUG - POST to endpoint: qp/batch_fetch/ returned response: <Response [200]>
2021-08-22 08:03:30,178 - instabot version: 0.117.0 (bot_checkpoint) - DEBUG - Loading Checkpoint file from: C:\Users\ASFAK AHMED\PycharmProjects\instabot/config/rik2001q.checkpoint
2021-08-22 08:03:30,888 - instabot version: 0.117.0 (api) - DEBUG - GET to endpoint: users/arijitsingh/usernameinfo/ returned response: <Response [200]>
2021-08-22 08:03:31,594 - instabot version: 0.117.0 (bot_follow) - INFO - Going to follow `user_id` 8179014770.
2021-08-22 08:03:31,594 - instabot version: 0.117.0 (api) - DEBUG - post data: {"user_id": "8179014770", "radio_type": "wifi-none", "device_id": "android-8be322e5d58b9371", "_uuid": "847f1651-dbdf-4300-8fe7-a5cb51e45b56", "_uid": "49078330155", "_csrftoken": "dLfA9YJFXhCEe4S9LxCL3OsCazRUn0wG"}
2021-08-22 08:03:32,629 - instabot version: 0.117.0 (api) - DEBUG - POST to endpoint: friendships/create/8179014770/ returned response: <Response [200]>
2021-08-22 08:03:32,629 - instabot version: 0.117.0 (bot_follow) - INFO - Followed `user_id` 8179014770.
2021-08-22 08:03:33,245 - instabot version: 0.117.0 (api) - DEBUG - GET to endpoint: users/49078330155/info/ returned response: <Response [200]>
2021-08-22 08:03:33,755 - instabot version: 0.117.0 (api) - DEBUG - GET to endpoint: friendships/49078330155/following/?max_id=&ig_sig_key_version=4&rank_token=49078330155_847f1651-dbdf-4300-8fe7-a5cb51e45b56 returned response: <Response [200]>
2021-08-22 08:03:33,755 - instabot version: 0.117.0 (bot_checkpoint) - DEBUG - Saving Checkpoint file to: C:\Users\ASFAK AHMED\PycharmProjects\instabot/config/rik2001q.checkpoint
2021-08-22 08:03:33,765 - instabot version: 0.117.0 (bot) - INFO - Total follows: 2/68
2021-08-22 08:03:33,765 - instabot version: 0.117.0 (bot) - INFO - Total requests: 45
