2021-08-22 08:07:06,070 - instabot version: 0.117.0 (bot) - INFO - Instabot version: 0.117.0 Started
2021-08-22 08:07:06,070 - instabot version: 0.117.0 (bot) - DEBUG - Bot imported from C:\Users\ASFAK AHMED\PycharmProjects\instabot\venv\lib\site-packages\instabot\bot\bot.py
2021-08-22 08:07:06,070 - instabot version: 0.117.0 (api_login) - INFO - Not yet logged in starting: PRE-LOGIN FLOW!
2021-08-22 08:07:06,548 - instabot version: 0.117.0 (api) - DEBUG - POST to endpoint: accounts/get_prefill_candidates/ returned response: <Response [200]>
2021-08-22 08:07:07,063 - instabot version: 0.117.0 (api) - DEBUG - POST to endpoint: qe/sync/ returned response: <Response [200]>
2021-08-22 08:07:07,573 - instabot version: 0.117.0 (api) - DEBUG - POST to endpoint: launcher/sync/ returned response: <Response [200]>
2021-08-22 08:07:08,082 - instabot version: 0.117.0 (api) - DEBUG - POST to endpoint: accounts/contact_point_prefill/ returned response: <Response [200]>
2021-08-22 08:07:09,623 - instabot version: 0.117.0 (api) - DEBUG - POST to endpoint: accounts/login/ returned response: <Response [200]>
2021-08-22 08:07:09,623 - instabot version: 0.117.0 (api) - INFO - Logged-in successfully as 'rik2001q'!
2021-08-22 08:07:09,623 - instabot version: 0.117.0 (api_login) - INFO - LOGIN FLOW! Just logged-in: True
2021-08-22 08:07:10,093 - instabot version: 0.117.0 (api) - DEBUG - POST to endpoint: qe/sync/ returned response: <Response [200]>
2021-08-22 08:07:10,643 - instabot version: 0.117.0 (api) - DEBUG - POST to endpoint: launcher/sync/ returned response: <Response [200]>
2021-08-22 08:07:11,363 - instabot version: 0.117.0 (api) - DEBUG - GET to endpoint: zr/token/result/?device_id=android-8be322e5d58b9371&token_hash=&custom_device_id=android-8be322e5d58b9371&fetch_reason=token_expired returned response: <Response [200]>
2021-08-22 08:07:11,873 - instabot version: 0.117.0 (api) - DEBUG - GET to endpoint: multiple_accounts/get_account_family/ returned response: <Response [200]>
2021-08-22 08:07:12,390 - instabot version: 0.117.0 (api) - DEBUG - POST to endpoint: qe/sync/ returned response: <Response [200]>
2021-08-22 08:07:13,208 - instabot version: 0.117.0 (api) - DEBUG - GET to endpoint: igtv/browse_feed/?prefetch=1 returned response: <Response [200]>
2021-08-22 08:07:13,716 - instabot version: 0.117.0 (api) - DEBUG - POST to endpoint: creatives/ar_class/ returned response: <Response [200]>
2021-08-22 08:07:14,538 - instabot version: 0.117.0 (api) - DEBUG - POST to endpoint: feed/reels_tray/ returned response: <Response [200]>
2021-08-22 08:07:16,686 - instabot version: 0.117.0 (api) - DEBUG - POST to endpoint: feed/timeline/ returned response: <Response [200]>
2021-08-22 08:07:17,194 - instabot version: 0.117.0 (api) - DEBUG - GET to endpoint: media/blocked/ returned response: <Response [200]>
2021-08-22 08:07:17,958 - instabot version: 0.117.0 (api) - DEBUG - GET to endpoint: news/inbox/ returned response: <Response [200]>
2021-08-22 08:07:18,428 - instabot version: 0.117.0 (api) - DEBUG - GET to endpoint: loom/fetch_config/ returned response: <Response [200]>
2021-08-22 08:07:19,040 - instabot version: 0.117.0 (api) - DEBUG - GET to endpoint: scores/bootstrap/users/?surfaces=["autocomplete_user_list","coefficient_besties_list_ranking","coefficient_rank_recipient_user_suggestion","coefficient_ios_section_test_bootstrap_ranking","coefficient_direct_recipients_ranking_variant_2"] returned response: <Response [200]>
2021-08-22 08:07:19,556 - instabot version: 0.117.0 (api) - DEBUG - GET to endpoint: business/eligibility/get_monetization_products_eligibility_data/?product_types=branded_content returned response: <Response [200]>
2021-08-22 08:07:20,063 - instabot version: 0.117.0 (api) - DEBUG - GET to endpoint: business/branded_content/should_require_professional_account/ returned response: <Response [200]>
2021-08-22 08:07:20,986 - instabot version: 0.117.0 (api) - DEBUG - GET to endpoint: linked_accounts/get_linkage_status/ returned response: <Response [200]>
2021-08-22 08:07:21,495 - instabot version: 0.117.0 (api) - DEBUG - GET to endpoint: locations/request_country/ returned response: <Response [200]>
2021-08-22 08:07:22,012 - instabot version: 0.117.0 (api) - DEBUG - GET to endpoint: qp/get_cooldowns/?signed_body=signed_body=4b9c516a5410a3bc128e09c6104a7f042146b9c2023870560c63a43a7f66781c.4&ig_sig_key_version=4&ig_sig_key_version=4 returned response: <Response [200]>
2021-08-22 08:07:22,521 - instabot version: 0.117.0 (api) - DEBUG - GET to endpoint: users/arlink_download_info/?version_override=2.2.1 returned response: <Response [200]>
2021-08-22 08:07:23,240 - instabot version: 0.117.0 (api) - DEBUG - GET to endpoint: users/49078330155/info/ returned response: <Response [200]>
2021-08-22 08:07:23,956 - instabot version: 0.117.0 (api) - DEBUG - GET to endpoint: direct_v2/get_presence/ returned response: <Response [200]>
2021-08-22 08:07:24,573 - instabot version: 0.117.0 (api) - DEBUG - GET to endpoint: direct_v2/inbox/?visual_message_return_type=unseen&thread_message_limit=10&persistentBadging=true&limit=20 returned response: <Response [200]>
2021-08-22 08:07:25,080 - instabot version: 0.117.0 (api) - DEBUG - GET to endpoint: direct_v2/inbox/?visual_message_return_type=unseen&persistentBadging=true&limit=0 returned response: <Response [200]>
2021-08-22 08:07:25,602 - instabot version: 0.117.0 (api) - DEBUG - GET to endpoint: discover/topical_explore/?is_prefetch=true&omit_cover_media=true&use_sectional_payload=true&timezone_offset=0&session_id=ea8fd0a5-b5df-419d-8f81-4f9a837c6ad6&include_fixed_destinations=true returned response: <Response [200]>
2021-08-22 08:07:26,106 - instabot version: 0.117.0 (api) - DEBUG - POST to endpoint: notifications/badge/ returned response: <Response [200]>
2021-08-22 08:07:26,718 - instabot version: 0.117.0 (api) - DEBUG - POST to endpoint: qp/batch_fetch/ returned response: <Response [200]>
2021-08-22 08:07:26,718 - instabot version: 0.117.0 (bot_checkpoint) - DEBUG - Loading Checkpoint file from: C:\Users\ASFAK AHMED\PycharmProjects\instabot/config/rik2001q.checkpoint
2021-08-22 08:07:27,234 - instabot version: 0.117.0 (api) - DEBUG - GET to endpoint: users/i_am_asfak/usernameinfo/ returned response: <Response [200]>
2021-08-22 08:07:29,692 - instabot version: 0.117.0 (api) - DEBUG - POST to endpoint: direct_v2/threads/broadcast/text/ returned response: <Response [200]>
2021-08-22 08:07:29,692 - instabot version: 0.117.0 (bot_checkpoint) - DEBUG - Saving Checkpoint file to: C:\Users\ASFAK AHMED\PycharmProjects\instabot/config/rik2001q.checkpoint
2021-08-22 08:07:29,692 - instabot version: 0.117.0 (bot) - INFO - Total follows: 2/51
2021-08-22 08:07:29,692 - instabot version: 0.117.0 (bot) - INFO - Total messages: 1/74
2021-08-22 08:07:29,692 - instabot version: 0.117.0 (bot) - INFO - Total requests: 47
